[2024-11-24 18:38:00] local.ERROR: SQLSTATE[08006] [7] connection to server at "127.0.0.1", port 5432 failed: FATAL:  password authentication failed for user "postgres"
connection to server at "127.0.0.1", port 5432 failed: FATAL:  password authentication failed for user "postgres" (Connection: pgsql, SQL: select max("batch") as aggregate from "migrations") {"exception":"[object] (Illuminate\\Database\\QueryException(code: 7): SQLSTATE[08006] [7] connection to server at \"127.0.0.1\", port 5432 failed: FATAL:  password authentication failed for user \"postgres\"
connection to server at \"127.0.0.1\", port 5432 failed: FATAL:  password authentication failed for user \"postgres\" (Connection: pgsql, SQL: select max(\"batch\") as aggregate from \"migrations\") at /home/klinth/Documents/development/laravel/PCA-StudentProject/PCA-PAYROLL/vendor/laravel/framework/src/Illuminate/Database/Connection.php:825)
[stacktrace]
#0 /home/klinth/Documents/development/laravel/PCA-StudentProject/PCA-PAYROLL/vendor/laravel/framework/src/Illuminate/Database/Connection.php(779): Illuminate\\Database\\Connection->runQueryCallback('select max(\"bat...', Array, Object(Closure))
#1 /home/klinth/Documents/development/laravel/PCA-StudentProject/PCA-PAYROLL/vendor/laravel/framework/src/Illuminate/Database/Connection.php(398): Illuminate\\Database\\Connection->run('select max(\"bat...', Array, Object(Closure))
#2 /home/klinth/Documents/development/laravel/PCA-StudentProject/PCA-PAYROLL/vendor/laravel/framework/src/Illuminate/Database/Query/Builder.php(3130): Illuminate\\Database\\Connection->select('select max(\"bat...', Array, false)
#3 /home/klinth/Documents/development/laravel/PCA-StudentProject/PCA-PAYROLL/vendor/laravel/framework/src/Illuminate/Database/Query/Builder.php(3115): Illuminate\\Database\\Query\\Builder->runSelect()
#4 /home/klinth/Documents/development/laravel/PCA-StudentProject/PCA-PAYROLL/vendor/laravel/framework/src/Illuminate/Database/Query/Builder.php(3703): Illuminate\\Database\\Query\\Builder->Illuminate\\Database\\Query\\{closure}()
#5 /home/klinth/Documents/development/laravel/PCA-StudentProject/PCA-PAYROLL/vendor/laravel/framework/src/Illuminate/Database/Query/Builder.php(3114): Illuminate\\Database\\Query\\Builder->onceWithColumns(Array, Object(Closure))
#6 /home/klinth/Documents/development/laravel/PCA-StudentProject/PCA-PAYROLL/vendor/laravel/framework/src/Illuminate/Database/Query/Builder.php(3630): Illuminate\\Database\\Query\\Builder->get(Array)
#7 /home/klinth/Documents/development/laravel/PCA-StudentProject/PCA-PAYROLL/vendor/laravel/framework/src/Illuminate/Database/Query/Builder.php(3580): Illuminate\\Database\\Query\\Builder->aggregate('max', Array)
#8 /home/klinth/Documents/development/laravel/PCA-StudentProject/PCA-PAYROLL/vendor/laravel/framework/src/Illuminate/Database/Migrations/DatabaseMigrationRepository.php(153): Illuminate\\Database\\Query\\Builder->max('batch')
#9 /home/klinth/Documents/development/laravel/PCA-StudentProject/PCA-PAYROLL/vendor/laravel/framework/src/Illuminate/Database/Migrations/DatabaseMigrationRepository.php(93): Illuminate\\Database\\Migrations\\DatabaseMigrationRepository->getLastBatchNumber()
#10 /home/klinth/Documents/development/laravel/PCA-StudentProject/PCA-PAYROLL/vendor/laravel/framework/src/Illuminate/Database/Migrations/Migrator.php(263): Illuminate\\Database\\Migrations\\DatabaseMigrationRepository->getLast()
#11 /home/klinth/Documents/development/laravel/PCA-StudentProject/PCA-PAYROLL/vendor/laravel/framework/src/Illuminate/Database/Migrations/Migrator.php(232): Illuminate\\Database\\Migrations\\Migrator->getMigrationsForRollback(Array)
#12 /home/klinth/Documents/development/laravel/PCA-StudentProject/PCA-PAYROLL/vendor/laravel/framework/src/Illuminate/Database/Console/Migrations/RollbackCommand.php(61): Illuminate\\Database\\Migrations\\Migrator->rollback(Array, Array)
#13 /home/klinth/Documents/development/laravel/PCA-StudentProject/PCA-PAYROLL/vendor/laravel/framework/src/Illuminate/Database/Migrations/Migrator.php(615): Illuminate\\Database\\Console\\Migrations\\RollbackCommand->Illuminate\\Database\\Console\\Migrations\\{closure}()
#14 /home/klinth/Documents/development/laravel/PCA-StudentProject/PCA-PAYROLL/vendor/laravel/framework/src/Illuminate/Database/Console/Migrations/RollbackCommand.php(60): Illuminate\\Database\\Migrations\\Migrator->usingConnection(NULL, Object(Closure))
#15 /home/klinth/Documents/development/laravel/PCA-StudentProject/PCA-PAYROLL/vendor/laravel/framework/src/Illuminate/Container/BoundMethod.php(36): Illuminate\\Database\\Console\\Migrations\\RollbackCommand->handle()
#16 /home/klinth/Documents/development/laravel/PCA-StudentProject/PCA-PAYROLL/vendor/laravel/framework/src/Illuminate/Container/Util.php(43): Illuminate\\Container\\BoundMethod::Illuminate\\Container\\{closure}()
#17 /home/klinth/Documents/development/laravel/PCA-StudentProject/PCA-PAYROLL/vendor/laravel/framework/src/Illuminate/Container/BoundMethod.php(95): Illuminate\\Container\\Util::unwrapIfClosure(Object(Closure))
#18 /home/klinth/Documents/development/laravel/PCA-StudentProject/PCA-PAYROLL/vendor/laravel/framework/src/Illuminate/Container/BoundMethod.php(35): Illuminate\\Container\\BoundMethod::callBoundMethod(Object(Illuminate\\Foundation\\Application), Array, Object(Closure))
#19 /home/klinth/Documents/development/laravel/PCA-StudentProject/PCA-PAYROLL/vendor/laravel/framework/src/Illuminate/Container/Container.php(690): Illuminate\\Container\\BoundMethod::call(Object(Illuminate\\Foundation\\Application), Array, Array, NULL)
#20 /home/klinth/Documents/development/laravel/PCA-StudentProject/PCA-PAYROLL/vendor/laravel/framework/src/Illuminate/Console/Command.php(213): Illuminate\\Container\\Container->call(Array)
#21 /home/klinth/Documents/development/laravel/PCA-StudentProject/PCA-PAYROLL/vendor/symfony/console/Command/Command.php(279): Illuminate\\Console\\Command->execute(Object(Symfony\\Component\\Console\\Input\\ArgvInput), Object(Illuminate\\Console\\OutputStyle))
#22 /home/klinth/Documents/development/laravel/PCA-StudentProject/PCA-PAYROLL/vendor/laravel/framework/src/Illuminate/Console/Command.php(182): Symfony\\Component\\Console\\Command\\Command->run(Object(Symfony\\Component\\Console\\Input\\ArgvInput), Object(Illuminate\\Console\\OutputStyle))
#23 /home/klinth/Documents/development/laravel/PCA-StudentProject/PCA-PAYROLL/vendor/symfony/console/Application.php(1047): Illuminate\\Console\\Command->run(Object(Symfony\\Component\\Console\\Input\\ArgvInput), Object(Symfony\\Component\\Console\\Output\\ConsoleOutput))
#24 /home/klinth/Documents/development/laravel/PCA-StudentProject/PCA-PAYROLL/vendor/symfony/console/Application.php(316): Symfony\\Component\\Console\\Application->doRunCommand(Object(Illuminate\\Database\\Console\\Migrations\\RollbackCommand), Object(Symfony\\Component\\Console\\Input\\ArgvInput), Object(Symfony\\Component\\Console\\Output\\ConsoleOutput))
#25 /home/klinth/Documents/development/laravel/PCA-StudentProject/PCA-PAYROLL/vendor/symfony/console/Application.php(167): Symfony\\Component\\Console\\Application->doRun(Object(Symfony\\Component\\Console\\Input\\ArgvInput), Object(Symfony\\Component\\Console\\Output\\ConsoleOutput))
#26 /home/klinth/Documents/development/laravel/PCA-StudentProject/PCA-PAYROLL/vendor/laravel/framework/src/Illuminate/Foundation/Console/Kernel.php(197): Symfony\\Component\\Console\\Application->run(Object(Symfony\\Component\\Console\\Input\\ArgvInput), Object(Symfony\\Component\\Console\\Output\\ConsoleOutput))
#27 /home/klinth/Documents/development/laravel/PCA-StudentProject/PCA-PAYROLL/vendor/laravel/framework/src/Illuminate/Foundation/Application.php(1203): Illuminate\\Foundation\\Console\\Kernel->handle(Object(Symfony\\Component\\Console\\Input\\ArgvInput), Object(Symfony\\Component\\Console\\Output\\ConsoleOutput))
#28 /home/klinth/Documents/development/laravel/PCA-StudentProject/PCA-PAYROLL/artisan(13): Illuminate\\Foundation\\Application->handleCommand(Object(Symfony\\Component\\Console\\Input\\ArgvInput))
#29 {main}

[previous exception] [object] (PDOException(code: 7): SQLSTATE[08006] [7] connection to server at \"127.0.0.1\", port 5432 failed: FATAL:  password authentication failed for user \"postgres\"
connection to server at \"127.0.0.1\", port 5432 failed: FATAL:  password authentication failed for user \"postgres\" at /home/klinth/Documents/development/laravel/PCA-StudentProject/PCA-PAYROLL/vendor/laravel/framework/src/Illuminate/Database/Connectors/Connector.php:66)
[stacktrace]
#0 /home/klinth/Documents/development/laravel/PCA-StudentProject/PCA-PAYROLL/vendor/laravel/framework/src/Illuminate/Database/Connectors/Connector.php(66): PDO->__construct('pgsql:host=127....', 'postgres', Object(SensitiveParameterValue), Array)
#1 /home/klinth/Documents/development/laravel/PCA-StudentProject/PCA-PAYROLL/vendor/laravel/framework/src/Illuminate/Database/Connectors/Connector.php(44): Illuminate\\Database\\Connectors\\Connector->createPdoConnection('pgsql:host=127....', 'postgres', '221-00683', Array)
#2 /home/klinth/Documents/development/laravel/PCA-StudentProject/PCA-PAYROLL/vendor/laravel/framework/src/Illuminate/Database/Connectors/PostgresConnector.php(35): Illuminate\\Database\\Connectors\\Connector->createConnection('pgsql:host=127....', Array, Array)
#3 /home/klinth/Documents/development/laravel/PCA-StudentProject/PCA-PAYROLL/vendor/laravel/framework/src/Illuminate/Database/Connectors/ConnectionFactory.php(185): Illuminate\\Database\\Connectors\\PostgresConnector->connect(Array)
#4 [internal function]: Illuminate\\Database\\Connectors\\ConnectionFactory->Illuminate\\Database\\Connectors\\{closure}()
#5 /home/klinth/Documents/development/laravel/PCA-StudentProject/PCA-PAYROLL/vendor/laravel/framework/src/Illuminate/Database/Connection.php(1231): call_user_func(Object(Closure))
#6 /home/klinth/Documents/development/laravel/PCA-StudentProject/PCA-PAYROLL/vendor/laravel/framework/src/Illuminate/Database/Connection.php(512): Illuminate\\Database\\Connection->getPdo()
#7 /home/klinth/Documents/development/laravel/PCA-StudentProject/PCA-PAYROLL/vendor/laravel/framework/src/Illuminate/Database/Connection.php(407): Illuminate\\Database\\Connection->getPdoForSelect(false)
#8 /home/klinth/Documents/development/laravel/PCA-StudentProject/PCA-PAYROLL/vendor/laravel/framework/src/Illuminate/Database/Connection.php(812): Illuminate\\Database\\Connection->Illuminate\\Database\\{closure}('select max(\"bat...', Array)
#9 /home/klinth/Documents/development/laravel/PCA-StudentProject/PCA-PAYROLL/vendor/laravel/framework/src/Illuminate/Database/Connection.php(779): Illuminate\\Database\\Connection->runQueryCallback('select max(\"bat...', Array, Object(Closure))
#10 /home/klinth/Documents/development/laravel/PCA-StudentProject/PCA-PAYROLL/vendor/laravel/framework/src/Illuminate/Database/Connection.php(398): Illuminate\\Database\\Connection->run('select max(\"bat...', Array, Object(Closure))
#11 /home/klinth/Documents/development/laravel/PCA-StudentProject/PCA-PAYROLL/vendor/laravel/framework/src/Illuminate/Database/Query/Builder.php(3130): Illuminate\\Database\\Connection->select('select max(\"bat...', Array, false)
#12 /home/klinth/Documents/development/laravel/PCA-StudentProject/PCA-PAYROLL/vendor/laravel/framework/src/Illuminate/Database/Query/Builder.php(3115): Illuminate\\Database\\Query\\Builder->runSelect()
#13 /home/klinth/Documents/development/laravel/PCA-StudentProject/PCA-PAYROLL/vendor/laravel/framework/src/Illuminate/Database/Query/Builder.php(3703): Illuminate\\Database\\Query\\Builder->Illuminate\\Database\\Query\\{closure}()
#14 /home/klinth/Documents/development/laravel/PCA-StudentProject/PCA-PAYROLL/vendor/laravel/framework/src/Illuminate/Database/Query/Builder.php(3114): Illuminate\\Database\\Query\\Builder->onceWithColumns(Array, Object(Closure))
#15 /home/klinth/Documents/development/laravel/PCA-StudentProject/PCA-PAYROLL/vendor/laravel/framework/src/Illuminate/Database/Query/Builder.php(3630): Illuminate\\Database\\Query\\Builder->get(Array)
#16 /home/klinth/Documents/development/laravel/PCA-StudentProject/PCA-PAYROLL/vendor/laravel/framework/src/Illuminate/Database/Query/Builder.php(3580): Illuminate\\Database\\Query\\Builder->aggregate('max', Array)
#17 /home/klinth/Documents/development/laravel/PCA-StudentProject/PCA-PAYROLL/vendor/laravel/framework/src/Illuminate/Database/Migrations/DatabaseMigrationRepository.php(153): Illuminate\\Database\\Query\\Builder->max('batch')
#18 /home/klinth/Documents/development/laravel/PCA-StudentProject/PCA-PAYROLL/vendor/laravel/framework/src/Illuminate/Database/Migrations/DatabaseMigrationRepository.php(93): Illuminate\\Database\\Migrations\\DatabaseMigrationRepository->getLastBatchNumber()
#19 /home/klinth/Documents/development/laravel/PCA-StudentProject/PCA-PAYROLL/vendor/laravel/framework/src/Illuminate/Database/Migrations/Migrator.php(263): Illuminate\\Database\\Migrations\\DatabaseMigrationRepository->getLast()
#20 /home/klinth/Documents/development/laravel/PCA-StudentProject/PCA-PAYROLL/vendor/laravel/framework/src/Illuminate/Database/Migrations/Migrator.php(232): Illuminate\\Database\\Migrations\\Migrator->getMigrationsForRollback(Array)
#21 /home/klinth/Documents/development/laravel/PCA-StudentProject/PCA-PAYROLL/vendor/laravel/framework/src/Illuminate/Database/Console/Migrations/RollbackCommand.php(61): Illuminate\\Database\\Migrations\\Migrator->rollback(Array, Array)
#22 /home/klinth/Documents/development/laravel/PCA-StudentProject/PCA-PAYROLL/vendor/laravel/framework/src/Illuminate/Database/Migrations/Migrator.php(615): Illuminate\\Database\\Console\\Migrations\\RollbackCommand->Illuminate\\Database\\Console\\Migrations\\{closure}()
#23 /home/klinth/Documents/development/laravel/PCA-StudentProject/PCA-PAYROLL/vendor/laravel/framework/src/Illuminate/Database/Console/Migrations/RollbackCommand.php(60): Illuminate\\Database\\Migrations\\Migrator->usingConnection(NULL, Object(Closure))
#24 /home/klinth/Documents/development/laravel/PCA-StudentProject/PCA-PAYROLL/vendor/laravel/framework/src/Illuminate/Container/BoundMethod.php(36): Illuminate\\Database\\Console\\Migrations\\RollbackCommand->handle()
#25 /home/klinth/Documents/development/laravel/PCA-StudentProject/PCA-PAYROLL/vendor/laravel/framework/src/Illuminate/Container/Util.php(43): Illuminate\\Container\\BoundMethod::Illuminate\\Container\\{closure}()
#26 /home/klinth/Documents/development/laravel/PCA-StudentProject/PCA-PAYROLL/vendor/laravel/framework/src/Illuminate/Container/BoundMethod.php(95): Illuminate\\Container\\Util::unwrapIfClosure(Object(Closure))
#27 /home/klinth/Documents/development/laravel/PCA-StudentProject/PCA-PAYROLL/vendor/laravel/framework/src/Illuminate/Container/BoundMethod.php(35): Illuminate\\Container\\BoundMethod::callBoundMethod(Object(Illuminate\\Foundation\\Application), Array, Object(Closure))
#28 /home/klinth/Documents/development/laravel/PCA-StudentProject/PCA-PAYROLL/vendor/laravel/framework/src/Illuminate/Container/Container.php(690): Illuminate\\Container\\BoundMethod::call(Object(Illuminate\\Foundation\\Application), Array, Array, NULL)
#29 /home/klinth/Documents/development/laravel/PCA-StudentProject/PCA-PAYROLL/vendor/laravel/framework/src/Illuminate/Console/Command.php(213): Illuminate\\Container\\Container->call(Array)
#30 /home/klinth/Documents/development/laravel/PCA-StudentProject/PCA-PAYROLL/vendor/symfony/console/Command/Command.php(279): Illuminate\\Console\\Command->execute(Object(Symfony\\Component\\Console\\Input\\ArgvInput), Object(Illuminate\\Console\\OutputStyle))
#31 /home/klinth/Documents/development/laravel/PCA-StudentProject/PCA-PAYROLL/vendor/laravel/framework/src/Illuminate/Console/Command.php(182): Symfony\\Component\\Console\\Command\\Command->run(Object(Symfony\\Component\\Console\\Input\\ArgvInput), Object(Illuminate\\Console\\OutputStyle))
#32 /home/klinth/Documents/development/laravel/PCA-StudentProject/PCA-PAYROLL/vendor/symfony/console/Application.php(1047): Illuminate\\Console\\Command->run(Object(Symfony\\Component\\Console\\Input\\ArgvInput), Object(Symfony\\Component\\Console\\Output\\ConsoleOutput))
#33 /home/klinth/Documents/development/laravel/PCA-StudentProject/PCA-PAYROLL/vendor/symfony/console/Application.php(316): Symfony\\Component\\Console\\Application->doRunCommand(Object(Illuminate\\Database\\Console\\Migrations\\RollbackCommand), Object(Symfony\\Component\\Console\\Input\\ArgvInput), Object(Symfony\\Component\\Console\\Output\\ConsoleOutput))
#34 /home/klinth/Documents/development/laravel/PCA-StudentProject/PCA-PAYROLL/vendor/symfony/console/Application.php(167): Symfony\\Component\\Console\\Application->doRun(Object(Symfony\\Component\\Console\\Input\\ArgvInput), Object(Symfony\\Component\\Console\\Output\\ConsoleOutput))
#35 /home/klinth/Documents/development/laravel/PCA-StudentProject/PCA-PAYROLL/vendor/laravel/framework/src/Illuminate/Foundation/Console/Kernel.php(197): Symfony\\Component\\Console\\Application->run(Object(Symfony\\Component\\Console\\Input\\ArgvInput), Object(Symfony\\Component\\Console\\Output\\ConsoleOutput))
#36 /home/klinth/Documents/development/laravel/PCA-StudentProject/PCA-PAYROLL/vendor/laravel/framework/src/Illuminate/Foundation/Application.php(1203): Illuminate\\Foundation\\Console\\Kernel->handle(Object(Symfony\\Component\\Console\\Input\\ArgvInput), Object(Symfony\\Component\\Console\\Output\\ConsoleOutput))
#37 /home/klinth/Documents/development/laravel/PCA-StudentProject/PCA-PAYROLL/artisan(13): Illuminate\\Foundation\\Application->handleCommand(Object(Symfony\\Component\\Console\\Input\\ArgvInput))
#38 {main}
"} 
